<?xml version="1.0" encoding="UTF-8"?>
<!-- Generated by org.testng.reporters.JUnitReportReporter -->
<testsuite skipped="0" hostname="comp18" name="com.Springdemo.Springdemo.SpringdemoApplicationTests" tests="1" failures="0" timestamp="15 Jun 2019 02:36:44 GMT" time="0.022" errors="0">
  <testcase name="contextLoads" time="0.022" classname="com.Springdemo.Springdemo.SpringdemoApplicationTests"/>
</testsuite> <!-- com.Springdemo.Springdemo.SpringdemoApplicationTests -->
